Using pre-set license
Built from '2020.3/staging' branch; Version is '2020.3.8f1 (507919d4fff5) revision 5273881'; Using compiler version '192528614'; Build Type 'Release'
OS: 'Windows 10 Home; OS build 19041.1052; Version 2004; 64bit' Language: 'en' Physical Memory: 16318 MB
BatchMode: 1, IsHumanControllingUs: 0, StartBugReporterOnCrash: 0, Is64bit: 1, IsPro: 0

 COMMAND LINE ARGUMENTS:
C:\Program Files\Unity\Hub\Editor\2020.3.8f1\Editor\Unity.exe
-adb2
-batchMode
-noUpm
-name
AssetImportWorker0
-projectPath
C:/Users/gkwaz/unityStuff/Dodge
-logFile
Logs/AssetImportWorker0.log
-srvPort
60895
Successfully changed project path to: C:/Users/gkwaz/unityStuff/Dodge
C:/Users/gkwaz/unityStuff/Dodge
Using Asset Import Pipeline V2.
Refreshing native plugins compatible for Editor in 21.72 ms, found 0 plugins.
Preloading 0 native plugins for Editor in 0.00 ms.
Initialize engine version: 2020.3.8f1 (507919d4fff5)
[Subsystems] Discovering subsystems at path C:/Program Files/Unity/Hub/Editor/2020.3.8f1/Editor/Data/Resources/UnitySubsystems
[Subsystems] Discovering subsystems at path C:/Users/gkwaz/unityStuff/Dodge/Assets
GfxDevice: creating device client; threaded=0
Direct3D:
    Version:  Direct3D 11.0 [level 11.1]
    Renderer: NVIDIA GeForce RTX 2070 (ID=0x1f07)
    Vendor:   
    VRAM:     8031 MB
    Driver:   27.21.14.6663
Initialize mono
Mono path[0] = 'C:/Program Files/Unity/Hub/Editor/2020.3.8f1/Editor/Data/Managed'
Mono path[1] = 'C:/Program Files/Unity/Hub/Editor/2020.3.8f1/Editor/Data/MonoBleedingEdge/lib/mono/unityjit'
Mono config path = 'C:/Program Files/Unity/Hub/Editor/2020.3.8f1/Editor/Data/MonoBleedingEdge/etc'
Using monoOptions --debugger-agent=transport=dt_socket,embedding=1,server=y,suspend=n,address=127.0.0.1:56736
Begin MonoManager ReloadAssembly
Registering precompiled unity dll's ...
Register platform support module: C:/Program Files/Unity/Hub/Editor/2020.3.8f1/Editor/Data/PlaybackEngines/WebGLSupport/UnityEditor.WebGL.Extensions.dll
Register platform support module: C:/Program Files/Unity/Hub/Editor/2020.3.8f1/Editor/Data/PlaybackEngines/WindowsStandaloneSupport/UnityEditor.WindowsStandalone.Extensions.dll
Registered in 0.002795 seconds.
Native extension for WindowsStandalone target not found
Native extension for WebGL target not found
Refreshing native plugins compatible for Editor in 20.82 ms, found 0 plugins.
Preloading 0 native plugins for Editor in 0.00 ms.
Mono: successfully reloaded assembly
- Completed reload, in  1.114 seconds
Platform modules already initialized, skipping
Registering precompiled user dll's ...
Registered in 0.000768 seconds.
Begin MonoManager ReloadAssembly
Native extension for WindowsStandalone target not found
Native extension for WebGL target not found
Refreshing native plugins compatible for Editor in 0.19 ms, found 0 plugins.
Preloading 0 native plugins for Editor in 0.00 ms.
Mono: successfully reloaded assembly
- Completed reload, in  0.719 seconds
Platform modules already initialized, skipping
========================================================================
Worker process is ready to serve import requests
Launched and connected shader compiler UnityShaderCompiler.exe after 0.04 seconds
Refreshing native plugins compatible for Editor in 0.20 ms, found 0 plugins.
Preloading 0 native plugins for Editor in 0.00 ms.
Unloading 1267 Unused Serialized files (Serialized files now loaded: 0)
System memory in use before: 62.3 MB.
System memory in use after: 62.3 MB.

Unloading 11 unused Assets to reduce memory usage. Loaded Objects now: 1709.
Total: 1.458100 ms (FindLiveObjects: 0.115800 ms CreateObjectMapping: 0.027900 ms MarkObjects: 1.258200 ms  DeleteObjects: 0.055500 ms)

========================================================================
Received Import Request.
  path: Assets/Materials/New Material.mat
  artifactKey: Guid(f07e9ba1cec962840950cee7888851ef) Importer(815301076,1909f56bfc062723c751e8b465ee728b)
Start importing Assets/Materials/New Material.mat using Guid(f07e9ba1cec962840950cee7888851ef) Importer(815301076,1909f56bfc062723c751e8b465ee728b)  -> (artifact id: '0e628d2eaf9f3cbd2c072699a79ca0f1') in 0.091883 seconds
  Import took 0.094437 seconds .

========================================================================
Received Import Request.
  Time since last request: 81.024029 seconds.
  path: Assets/scripts/Spinner.cs
  artifactKey: Guid(0f1e0e62e6a602748b8f188eef08f042) Importer(815301076,1909f56bfc062723c751e8b465ee728b)
Start importing Assets/scripts/Spinner.cs using Guid(0f1e0e62e6a602748b8f188eef08f042) Importer(815301076,1909f56bfc062723c751e8b465ee728b)  -> (artifact id: '854b3f1c2ebe154d5c6453b0e7f2b37a') in 0.003942 seconds
  Import took 0.006855 seconds .

========================================================================
Received Prepare
Registering precompiled user dll's ...
Registered in 0.000756 seconds.
Begin MonoManager ReloadAssembly
Native extension for WindowsStandalone target not found
Native extension for WebGL target not found
Refreshing native plugins compatible for Editor in 0.19 ms, found 0 plugins.
Preloading 0 native plugins for Editor in 0.00 ms.
Mono: successfully reloaded assembly
- Completed reload, in  0.683 seconds
Platform modules already initialized, skipping
Refreshing native plugins compatible for Editor in 0.19 ms, found 0 plugins.
Preloading 0 native plugins for Editor in 0.00 ms.
Unloading 1260 Unused Serialized files (Serialized files now loaded: 0)
System memory in use before: 65.4 MB.
System memory in use after: 65.5 MB.

Unloading 6 unused Assets to reduce memory usage. Loaded Objects now: 1752.
Total: 1.833300 ms (FindLiveObjects: 0.143600 ms CreateObjectMapping: 0.042400 ms MarkObjects: 1.607900 ms  DeleteObjects: 0.038400 ms)

========================================================================
Received Prepare
Registering precompiled user dll's ...
Registered in 0.000793 seconds.
Begin MonoManager ReloadAssembly
Native extension for WindowsStandalone target not found
Native extension for WebGL target not found
Refreshing native plugins compatible for Editor in 0.19 ms, found 0 plugins.
Preloading 0 native plugins for Editor in 0.00 ms.
Mono: successfully reloaded assembly
- Completed reload, in  0.736 seconds
Platform modules already initialized, skipping
Refreshing native plugins compatible for Editor in 0.20 ms, found 0 plugins.
Preloading 0 native plugins for Editor in 0.00 ms.
Unloading 1260 Unused Serialized files (Serialized files now loaded: 0)
System memory in use before: 65.4 MB.
System memory in use after: 65.5 MB.

Unloading 6 unused Assets to reduce memory usage. Loaded Objects now: 1755.
Total: 1.437400 ms (FindLiveObjects: 0.110200 ms CreateObjectMapping: 0.027700 ms MarkObjects: 1.262700 ms  DeleteObjects: 0.036000 ms)

========================================================================
Received Import Request.
  Time since last request: 75.364788 seconds.
  path: Assets/scripts/Spinner.cs
  artifactKey: Guid(0f1e0e62e6a602748b8f188eef08f042) Importer(815301076,1909f56bfc062723c751e8b465ee728b)
Start importing Assets/scripts/Spinner.cs using Guid(0f1e0e62e6a602748b8f188eef08f042) Importer(815301076,1909f56bfc062723c751e8b465ee728b)  -> (artifact id: '67fe12427c4e023d7059e98054995c5d') in 0.004131 seconds
  Import took 0.006687 seconds .

========================================================================
Received Prepare
Registering precompiled user dll's ...
Registered in 0.000827 seconds.
Begin MonoManager ReloadAssembly
Native extension for WindowsStandalone target not found
Native extension for WebGL target not found
Refreshing native plugins compatible for Editor in 0.20 ms, found 0 plugins.
Preloading 0 native plugins for Editor in 0.00 ms.
Mono: successfully reloaded assembly
- Completed reload, in  0.722 seconds
Platform modules already initialized, skipping
Refreshing native plugins compatible for Editor in 0.21 ms, found 0 plugins.
Preloading 0 native plugins for Editor in 0.00 ms.
Unloading 1260 Unused Serialized files (Serialized files now loaded: 0)
System memory in use before: 65.4 MB.
System memory in use after: 65.5 MB.

Unloading 6 unused Assets to reduce memory usage. Loaded Objects now: 1758.
Total: 1.508000 ms (FindLiveObjects: 0.117000 ms CreateObjectMapping: 0.030900 ms MarkObjects: 1.321000 ms  DeleteObjects: 0.038300 ms)

========================================================================
Received Import Request.
  Time since last request: 42.244890 seconds.
  path: Assets/scripts/Spinner.cs
  artifactKey: Guid(0f1e0e62e6a602748b8f188eef08f042) Importer(815301076,1909f56bfc062723c751e8b465ee728b)
Start importing Assets/scripts/Spinner.cs using Guid(0f1e0e62e6a602748b8f188eef08f042) Importer(815301076,1909f56bfc062723c751e8b465ee728b)  -> (artifact id: '4f6a7b22638956149938f4814390d6c6') in 0.003947 seconds
  Import took 0.006702 seconds .

========================================================================
Received Prepare
Registering precompiled user dll's ...
Registered in 0.001025 seconds.
Begin MonoManager ReloadAssembly
Native extension for WindowsStandalone target not found
Native extension for WebGL target not found
Refreshing native plugins compatible for Editor in 0.19 ms, found 0 plugins.
Preloading 0 native plugins for Editor in 0.00 ms.
Mono: successfully reloaded assembly
- Completed reload, in  0.674 seconds
Platform modules already initialized, skipping
Refreshing native plugins compatible for Editor in 0.19 ms, found 0 plugins.
Preloading 0 native plugins for Editor in 0.00 ms.
Unloading 1260 Unused Serialized files (Serialized files now loaded: 0)
System memory in use before: 65.4 MB.
System memory in use after: 65.5 MB.

Unloading 6 unused Assets to reduce memory usage. Loaded Objects now: 1761.
Total: 1.424800 ms (FindLiveObjects: 0.104100 ms CreateObjectMapping: 0.027700 ms MarkObjects: 1.257500 ms  DeleteObjects: 0.035000 ms)

========================================================================
Received Prepare
Registering precompiled user dll's ...
Registered in 0.000803 seconds.
Begin MonoManager ReloadAssembly
Native extension for WindowsStandalone target not found
Native extension for WebGL target not found
Refreshing native plugins compatible for Editor in 0.22 ms, found 0 plugins.
Preloading 0 native plugins for Editor in 0.00 ms.
Mono: successfully reloaded assembly
- Completed reload, in  0.667 seconds
Platform modules already initialized, skipping
Refreshing native plugins compatible for Editor in 0.21 ms, found 0 plugins.
Preloading 0 native plugins for Editor in 0.00 ms.
Unloading 1260 Unused Serialized files (Serialized files now loaded: 0)
System memory in use before: 65.4 MB.
System memory in use after: 65.5 MB.

Unloading 6 unused Assets to reduce memory usage. Loaded Objects now: 1764.
Total: 1.580000 ms (FindLiveObjects: 0.129200 ms CreateObjectMapping: 0.029600 ms MarkObjects: 1.381000 ms  DeleteObjects: 0.039000 ms)

========================================================================
Received Prepare
Registering precompiled user dll's ...
Registered in 0.000814 seconds.
Begin MonoManager ReloadAssembly
Native extension for WindowsStandalone target not found
Native extension for WebGL target not found
Refreshing native plugins compatible for Editor in 0.19 ms, found 0 plugins.
Preloading 0 native plugins for Editor in 0.00 ms.
Mono: successfully reloaded assembly
- Completed reload, in  0.699 seconds
Platform modules already initialized, skipping
Refreshing native plugins compatible for Editor in 0.24 ms, found 0 plugins.
Preloading 0 native plugins for Editor in 0.00 ms.
Unloading 1260 Unused Serialized files (Serialized files now loaded: 0)
System memory in use before: 65.4 MB.
System memory in use after: 65.5 MB.

Unloading 6 unused Assets to reduce memory usage. Loaded Objects now: 1767.
Total: 1.627100 ms (FindLiveObjects: 0.143400 ms CreateObjectMapping: 0.034600 ms MarkObjects: 1.407900 ms  DeleteObjects: 0.040200 ms)

========================================================================
Received Import Request.
  Time since last request: 485.332447 seconds.
  path: Assets/Materials/New Material.mat
  artifactKey: Guid(f07e9ba1cec962840950cee7888851ef) Importer(815301076,1909f56bfc062723c751e8b465ee728b)
Start importing Assets/Materials/New Material.mat using Guid(f07e9ba1cec962840950cee7888851ef) Importer(815301076,1909f56bfc062723c751e8b465ee728b)  -> (artifact id: '9158d3ecf0fa775348ff19b696f2c358') in 0.051173 seconds
  Import took 0.054408 seconds .

========================================================================
Received Prepare
Registering precompiled user dll's ...
Registered in 0.000746 seconds.
Begin MonoManager ReloadAssembly
Native extension for WindowsStandalone target not found
Native extension for WebGL target not found
Refreshing native plugins compatible for Editor in 0.21 ms, found 0 plugins.
Preloading 0 native plugins for Editor in 0.00 ms.
Mono: successfully reloaded assembly
- Completed reload, in  0.657 seconds
Platform modules already initialized, skipping
Refreshing native plugins compatible for Editor in 0.26 ms, found 0 plugins.
Preloading 0 native plugins for Editor in 0.00 ms.
Unloading 1260 Unused Serialized files (Serialized files now loaded: 0)
System memory in use before: 65.5 MB.
System memory in use after: 65.5 MB.

Unloading 6 unused Assets to reduce memory usage. Loaded Objects now: 1771.
Total: 1.562000 ms (FindLiveObjects: 0.104400 ms CreateObjectMapping: 0.027400 ms MarkObjects: 1.354000 ms  DeleteObjects: 0.075400 ms)

========================================================================
Received Import Request.
  Time since last request: 22.642246 seconds.
  path: Assets/Materials/New Material.mat
  artifactKey: Guid(f07e9ba1cec962840950cee7888851ef) Importer(815301076,1909f56bfc062723c751e8b465ee728b)
Start importing Assets/Materials/New Material.mat using Guid(f07e9ba1cec962840950cee7888851ef) Importer(815301076,1909f56bfc062723c751e8b465ee728b)  -> (artifact id: '3da18b6dad9911c83f4d8e00c061a4af') in 0.047895 seconds
  Import took 0.050063 seconds .

========================================================================
Received Import Request.
  Time since last request: 445.821343 seconds.
  path: Assets/scripts/Spinner.cs
  artifactKey: Guid(0f1e0e62e6a602748b8f188eef08f042) Importer(815301076,1909f56bfc062723c751e8b465ee728b)
Start importing Assets/scripts/Spinner.cs using Guid(0f1e0e62e6a602748b8f188eef08f042) Importer(815301076,1909f56bfc062723c751e8b465ee728b)  -> (artifact id: '0899fbeff2b00c696c86882ae36d91b2') in 0.002460 seconds
  Import took 0.006181 seconds .

========================================================================
Received Prepare
Registering precompiled user dll's ...
Registered in 0.000815 seconds.
Begin MonoManager ReloadAssembly
Native extension for WindowsStandalone target not found
Native extension for WebGL target not found
Refreshing native plugins compatible for Editor in 0.19 ms, found 0 plugins.
Preloading 0 native plugins for Editor in 0.00 ms.
Mono: successfully reloaded assembly
- Completed reload, in  0.676 seconds
Platform modules already initialized, skipping
Refreshing native plugins compatible for Editor in 0.19 ms, found 0 plugins.
Preloading 0 native plugins for Editor in 0.00 ms.
Unloading 1260 Unused Serialized files (Serialized files now loaded: 0)
System memory in use before: 65.5 MB.
System memory in use after: 65.6 MB.

Unloading 6 unused Assets to reduce memory usage. Loaded Objects now: 1775.
Total: 1.341700 ms (FindLiveObjects: 0.111800 ms CreateObjectMapping: 0.027700 ms MarkObjects: 1.161100 ms  DeleteObjects: 0.040200 ms)

========================================================================
Received Import Request.
  Time since last request: 8.728943 seconds.
  path: Assets/scripts/Spinner.cs
  artifactKey: Guid(0f1e0e62e6a602748b8f188eef08f042) Importer(815301076,1909f56bfc062723c751e8b465ee728b)
Start importing Assets/scripts/Spinner.cs using Guid(0f1e0e62e6a602748b8f188eef08f042) Importer(815301076,1909f56bfc062723c751e8b465ee728b)  -> (artifact id: '6bb8aad132e4d37e4ade00128b0d80e4') in 0.003847 seconds
  Import took 0.006811 seconds .

========================================================================
Received Import Request.
  Time since last request: 0.867787 seconds.
  path: Assets/scripts/Spinner.cs
  artifactKey: Guid(0f1e0e62e6a602748b8f188eef08f042) Importer(815301076,1909f56bfc062723c751e8b465ee728b)
Start importing Assets/scripts/Spinner.cs using Guid(0f1e0e62e6a602748b8f188eef08f042) Importer(815301076,1909f56bfc062723c751e8b465ee728b)  -> (artifact id: '6bb8aad132e4d37e4ade00128b0d80e4') in 0.002621 seconds
  Import took 0.006397 seconds .

========================================================================
Received Prepare
Registering precompiled user dll's ...
Registered in 0.000762 seconds.
Begin MonoManager ReloadAssembly
Native extension for WindowsStandalone target not found
Native extension for WebGL target not found
Refreshing native plugins compatible for Editor in 0.20 ms, found 0 plugins.
Preloading 0 native plugins for Editor in 0.00 ms.
Mono: successfully reloaded assembly
- Completed reload, in  0.655 seconds
Platform modules already initialized, skipping
Refreshing native plugins compatible for Editor in 0.25 ms, found 0 plugins.
Preloading 0 native plugins for Editor in 0.00 ms.
Unloading 1260 Unused Serialized files (Serialized files now loaded: 0)
System memory in use before: 65.5 MB.
System memory in use after: 65.6 MB.

Unloading 6 unused Assets to reduce memory usage. Loaded Objects now: 1778.
Total: 1.639800 ms (FindLiveObjects: 0.130000 ms CreateObjectMapping: 0.028100 ms MarkObjects: 1.400200 ms  DeleteObjects: 0.080700 ms)

AssetImportWorkerClient::OnTransportError - code=2 error=End of file
