Using pre-set license
Built from '2020.3/staging' branch; Version is '2020.3.8f1 (507919d4fff5) revision 5273881'; Using compiler version '192528614'; Build Type 'Release'
OS: 'Windows 10 Home; OS build 19041.1052; Version 2004; 64bit' Language: 'en' Physical Memory: 16318 MB
BatchMode: 1, IsHumanControllingUs: 0, StartBugReporterOnCrash: 0, Is64bit: 1, IsPro: 0

 COMMAND LINE ARGUMENTS:
C:\Program Files\Unity\Hub\Editor\2020.3.8f1\Editor\Unity.exe
-adb2
-batchMode
-noUpm
-name
AssetImportWorker0
-projectPath
C:/Users/gkwaz/unityStuff/Boost
-logFile
Logs/AssetImportWorker0.log
-srvPort
64722
Successfully changed project path to: C:/Users/gkwaz/unityStuff/Boost
C:/Users/gkwaz/unityStuff/Boost
Using Asset Import Pipeline V2.
Refreshing native plugins compatible for Editor in 20.06 ms, found 0 plugins.
Preloading 0 native plugins for Editor in 0.00 ms.
Initialize engine version: 2020.3.8f1 (507919d4fff5)
[Subsystems] Discovering subsystems at path C:/Program Files/Unity/Hub/Editor/2020.3.8f1/Editor/Data/Resources/UnitySubsystems
[Subsystems] Discovering subsystems at path C:/Users/gkwaz/unityStuff/Boost/Assets
GfxDevice: creating device client; threaded=0
Direct3D:
    Version:  Direct3D 11.0 [level 11.1]
    Renderer: NVIDIA GeForce RTX 2070 (ID=0x1f07)
    Vendor:   
    VRAM:     8031 MB
    Driver:   27.21.14.6663
Initialize mono
Mono path[0] = 'C:/Program Files/Unity/Hub/Editor/2020.3.8f1/Editor/Data/Managed'
Mono path[1] = 'C:/Program Files/Unity/Hub/Editor/2020.3.8f1/Editor/Data/MonoBleedingEdge/lib/mono/unityjit'
Mono config path = 'C:/Program Files/Unity/Hub/Editor/2020.3.8f1/Editor/Data/MonoBleedingEdge/etc'
Using monoOptions --debugger-agent=transport=dt_socket,embedding=1,server=y,suspend=n,address=127.0.0.1:56588
Begin MonoManager ReloadAssembly
Registering precompiled unity dll's ...
Register platform support module: C:/Program Files/Unity/Hub/Editor/2020.3.8f1/Editor/Data/PlaybackEngines/WebGLSupport/UnityEditor.WebGL.Extensions.dll
Register platform support module: C:/Program Files/Unity/Hub/Editor/2020.3.8f1/Editor/Data/PlaybackEngines/WindowsStandaloneSupport/UnityEditor.WindowsStandalone.Extensions.dll
Registered in 0.003033 seconds.
Native extension for WindowsStandalone target not found
Native extension for WebGL target not found
Refreshing native plugins compatible for Editor in 20.06 ms, found 0 plugins.
Preloading 0 native plugins for Editor in 0.00 ms.
Mono: successfully reloaded assembly
- Completed reload, in  1.216 seconds
Platform modules already initialized, skipping
Registering precompiled user dll's ...
Registered in 0.000789 seconds.
Begin MonoManager ReloadAssembly
Native extension for WindowsStandalone target not found
Native extension for WebGL target not found
Refreshing native plugins compatible for Editor in 0.19 ms, found 0 plugins.
Preloading 0 native plugins for Editor in 0.00 ms.
Mono: successfully reloaded assembly
- Completed reload, in  0.731 seconds
Platform modules already initialized, skipping
========================================================================
Worker process is ready to serve import requests
Launched and connected shader compiler UnityShaderCompiler.exe after 0.04 seconds
Refreshing native plugins compatible for Editor in 0.18 ms, found 0 plugins.
Preloading 0 native plugins for Editor in 0.00 ms.
Unloading 1116 Unused Serialized files (Serialized files now loaded: 0)
System memory in use before: 57.2 MB.
System memory in use after: 57.2 MB.

Unloading 10 unused Assets to reduce memory usage. Loaded Objects now: 1558.
Total: 1.580500 ms (FindLiveObjects: 0.125000 ms CreateObjectMapping: 0.027600 ms MarkObjects: 1.364400 ms  DeleteObjects: 0.062600 ms)

========================================================================
Received Import Request.
  path: Assets/Scripts/Movement.cs
  artifactKey: Guid(42fa5481881a4ea48af0d44fc617149a) Importer(815301076,1909f56bfc062723c751e8b465ee728b)
Start importing Assets/Scripts/Movement.cs using Guid(42fa5481881a4ea48af0d44fc617149a) Importer(815301076,1909f56bfc062723c751e8b465ee728b)  -> (artifact id: '12ee47b716e61135049d448df96b9a56') in 0.027790 seconds
  Import took 0.029640 seconds .

========================================================================
Received Prepare
Registering precompiled user dll's ...
Registered in 0.001259 seconds.
Begin MonoManager ReloadAssembly
Native extension for WindowsStandalone target not found
Native extension for WebGL target not found
Refreshing native plugins compatible for Editor in 0.18 ms, found 0 plugins.
Preloading 0 native plugins for Editor in 0.00 ms.
Mono: successfully reloaded assembly
- Completed reload, in  0.654 seconds
Platform modules already initialized, skipping
Refreshing native plugins compatible for Editor in 0.17 ms, found 0 plugins.
Preloading 0 native plugins for Editor in 0.00 ms.
Unloading 1111 Unused Serialized files (Serialized files now loaded: 0)
System memory in use before: 57.1 MB.
System memory in use after: 57.2 MB.

Unloading 5 unused Assets to reduce memory usage. Loaded Objects now: 1561.
Total: 1.347900 ms (FindLiveObjects: 0.098600 ms CreateObjectMapping: 0.027100 ms MarkObjects: 1.185200 ms  DeleteObjects: 0.036400 ms)

========================================================================
Received Import Request.
  Time since last request: 16.824300 seconds.
  path: Assets/Scripts/Movement.cs
  artifactKey: Guid(42fa5481881a4ea48af0d44fc617149a) Importer(815301076,1909f56bfc062723c751e8b465ee728b)
Start importing Assets/Scripts/Movement.cs using Guid(42fa5481881a4ea48af0d44fc617149a) Importer(815301076,1909f56bfc062723c751e8b465ee728b)  -> (artifact id: '59882e48c20d1b8d39692137b478416c') in 0.003839 seconds
  Import took 0.005208 seconds .

========================================================================
Received Import Request.
  Time since last request: 0.784271 seconds.
  path: Assets/Scripts/Movement.cs
  artifactKey: Guid(42fa5481881a4ea48af0d44fc617149a) Importer(815301076,1909f56bfc062723c751e8b465ee728b)
Start importing Assets/Scripts/Movement.cs using Guid(42fa5481881a4ea48af0d44fc617149a) Importer(815301076,1909f56bfc062723c751e8b465ee728b)  -> (artifact id: '59882e48c20d1b8d39692137b478416c') in 0.002568 seconds
  Import took 0.004036 seconds .

========================================================================
Received Prepare
Registering precompiled user dll's ...
Registered in 0.000718 seconds.
Begin MonoManager ReloadAssembly
Native extension for WindowsStandalone target not found
Native extension for WebGL target not found
Refreshing native plugins compatible for Editor in 0.18 ms, found 0 plugins.
Preloading 0 native plugins for Editor in 0.00 ms.
Mono: successfully reloaded assembly
- Completed reload, in  0.717 seconds
Platform modules already initialized, skipping
Refreshing native plugins compatible for Editor in 0.17 ms, found 0 plugins.
Preloading 0 native plugins for Editor in 0.00 ms.
Unloading 1111 Unused Serialized files (Serialized files now loaded: 0)
System memory in use before: 57.2 MB.
System memory in use after: 57.2 MB.

Unloading 5 unused Assets to reduce memory usage. Loaded Objects now: 1564.
Total: 1.500400 ms (FindLiveObjects: 0.102000 ms CreateObjectMapping: 0.029000 ms MarkObjects: 1.333700 ms  DeleteObjects: 0.035000 ms)

========================================================================
Received Prepare
Registering precompiled user dll's ...
Registered in 0.000789 seconds.
Begin MonoManager ReloadAssembly
Native extension for WindowsStandalone target not found
Native extension for WebGL target not found
Refreshing native plugins compatible for Editor in 0.31 ms, found 0 plugins.
Preloading 0 native plugins for Editor in 0.00 ms.
Mono: successfully reloaded assembly
- Completed reload, in  0.672 seconds
Platform modules already initialized, skipping
Refreshing native plugins compatible for Editor in 0.18 ms, found 0 plugins.
Preloading 0 native plugins for Editor in 0.00 ms.
Unloading 1111 Unused Serialized files (Serialized files now loaded: 0)
System memory in use before: 57.2 MB.
System memory in use after: 57.2 MB.

Unloading 5 unused Assets to reduce memory usage. Loaded Objects now: 1567.
Total: 1.388200 ms (FindLiveObjects: 0.095000 ms CreateObjectMapping: 0.024100 ms MarkObjects: 1.230100 ms  DeleteObjects: 0.038200 ms)

========================================================================
Received Prepare
Registering precompiled user dll's ...
Registered in 0.000762 seconds.
Begin MonoManager ReloadAssembly
Native extension for WindowsStandalone target not found
Native extension for WebGL target not found
Refreshing native plugins compatible for Editor in 0.18 ms, found 0 plugins.
Preloading 0 native plugins for Editor in 0.00 ms.
Mono: successfully reloaded assembly
- Completed reload, in  0.660 seconds
Platform modules already initialized, skipping
Refreshing native plugins compatible for Editor in 0.22 ms, found 0 plugins.
Preloading 0 native plugins for Editor in 0.00 ms.
Unloading 1111 Unused Serialized files (Serialized files now loaded: 0)
System memory in use before: 57.2 MB.
System memory in use after: 57.3 MB.

Unloading 5 unused Assets to reduce memory usage. Loaded Objects now: 1570.
Total: 2.016200 ms (FindLiveObjects: 0.235900 ms CreateObjectMapping: 0.074500 ms MarkObjects: 1.625700 ms  DeleteObjects: 0.078200 ms)

========================================================================
Received Import Request.
  Time since last request: 166.363472 seconds.
  path: Assets/Scripts/Movement.cs
  artifactKey: Guid(42fa5481881a4ea48af0d44fc617149a) Importer(815301076,1909f56bfc062723c751e8b465ee728b)
Start importing Assets/Scripts/Movement.cs using Guid(42fa5481881a4ea48af0d44fc617149a) Importer(815301076,1909f56bfc062723c751e8b465ee728b)  -> (artifact id: 'cdb4de87c5b2067616844c3c8e8541cc') in 0.006208 seconds
  Import took 0.009246 seconds .

========================================================================
Received Prepare
Registering precompiled user dll's ...
Registered in 0.000899 seconds.
Begin MonoManager ReloadAssembly
Native extension for WindowsStandalone target not found
Native extension for WebGL target not found
Refreshing native plugins compatible for Editor in 0.19 ms, found 0 plugins.
Preloading 0 native plugins for Editor in 0.00 ms.
Mono: successfully reloaded assembly
- Completed reload, in  0.696 seconds
Platform modules already initialized, skipping
Refreshing native plugins compatible for Editor in 0.18 ms, found 0 plugins.
Preloading 0 native plugins for Editor in 0.00 ms.
Unloading 1111 Unused Serialized files (Serialized files now loaded: 0)
System memory in use before: 57.2 MB.
System memory in use after: 57.3 MB.

Unloading 5 unused Assets to reduce memory usage. Loaded Objects now: 1573.
Total: 1.500100 ms (FindLiveObjects: 0.127200 ms CreateObjectMapping: 0.030500 ms MarkObjects: 1.301300 ms  DeleteObjects: 0.040400 ms)

========================================================================
Received Import Request.
  Time since last request: 119.353160 seconds.
  path: Assets/Scripts/Movement.cs
  artifactKey: Guid(42fa5481881a4ea48af0d44fc617149a) Importer(815301076,1909f56bfc062723c751e8b465ee728b)
Start importing Assets/Scripts/Movement.cs using Guid(42fa5481881a4ea48af0d44fc617149a) Importer(815301076,1909f56bfc062723c751e8b465ee728b)  -> (artifact id: '1d3105a321af3e380eeeb7fb8936fb42') in 0.004770 seconds
  Import took 0.006958 seconds .

========================================================================
Received Prepare
Registering precompiled user dll's ...
Registered in 0.000767 seconds.
Begin MonoManager ReloadAssembly
Native extension for WindowsStandalone target not found
Native extension for WebGL target not found
Refreshing native plugins compatible for Editor in 0.18 ms, found 0 plugins.
Preloading 0 native plugins for Editor in 0.00 ms.
Mono: successfully reloaded assembly
- Completed reload, in  0.652 seconds
Platform modules already initialized, skipping
Refreshing native plugins compatible for Editor in 0.18 ms, found 0 plugins.
Preloading 0 native plugins for Editor in 0.00 ms.
Unloading 1111 Unused Serialized files (Serialized files now loaded: 0)
System memory in use before: 57.2 MB.
System memory in use after: 57.3 MB.

Unloading 5 unused Assets to reduce memory usage. Loaded Objects now: 1576.
Total: 1.535800 ms (FindLiveObjects: 0.121700 ms CreateObjectMapping: 0.027000 ms MarkObjects: 1.348800 ms  DeleteObjects: 0.037300 ms)

========================================================================
Received Prepare
Registering precompiled user dll's ...
Registered in 0.001091 seconds.
Begin MonoManager ReloadAssembly
Native extension for WindowsStandalone target not found
Native extension for WebGL target not found
Refreshing native plugins compatible for Editor in 0.23 ms, found 0 plugins.
Preloading 0 native plugins for Editor in 0.00 ms.
Mono: successfully reloaded assembly
- Completed reload, in  0.648 seconds
Platform modules already initialized, skipping
Refreshing native plugins compatible for Editor in 0.18 ms, found 0 plugins.
Preloading 0 native plugins for Editor in 0.00 ms.
Unloading 1111 Unused Serialized files (Serialized files now loaded: 0)
System memory in use before: 57.2 MB.
System memory in use after: 57.3 MB.

Unloading 5 unused Assets to reduce memory usage. Loaded Objects now: 1579.
Total: 1.475600 ms (FindLiveObjects: 0.108800 ms CreateObjectMapping: 0.025200 ms MarkObjects: 1.306200 ms  DeleteObjects: 0.034700 ms)

========================================================================
Received Prepare
Registering precompiled user dll's ...
Registered in 0.000751 seconds.
Begin MonoManager ReloadAssembly
Native extension for WindowsStandalone target not found
Native extension for WebGL target not found
Refreshing native plugins compatible for Editor in 0.18 ms, found 0 plugins.
Preloading 0 native plugins for Editor in 0.00 ms.
Mono: successfully reloaded assembly
- Completed reload, in  0.645 seconds
Platform modules already initialized, skipping
Refreshing native plugins compatible for Editor in 0.19 ms, found 0 plugins.
Preloading 0 native plugins for Editor in 0.00 ms.
Unloading 1111 Unused Serialized files (Serialized files now loaded: 0)
System memory in use before: 57.2 MB.
System memory in use after: 57.3 MB.

Unloading 5 unused Assets to reduce memory usage. Loaded Objects now: 1582.
Total: 1.425400 ms (FindLiveObjects: 0.108500 ms CreateObjectMapping: 0.028300 ms MarkObjects: 1.248800 ms  DeleteObjects: 0.039000 ms)

========================================================================
Received Prepare
Registering precompiled user dll's ...
Registered in 0.000808 seconds.
Begin MonoManager ReloadAssembly
Native extension for WindowsStandalone target not found
Native extension for WebGL target not found
Refreshing native plugins compatible for Editor in 0.38 ms, found 0 plugins.
Preloading 0 native plugins for Editor in 0.00 ms.
Mono: successfully reloaded assembly
- Completed reload, in  0.726 seconds
Platform modules already initialized, skipping
Refreshing native plugins compatible for Editor in 0.21 ms, found 0 plugins.
Preloading 0 native plugins for Editor in 0.00 ms.
Unloading 1111 Unused Serialized files (Serialized files now loaded: 0)
System memory in use before: 57.2 MB.
System memory in use after: 57.3 MB.

Unloading 5 unused Assets to reduce memory usage. Loaded Objects now: 1585.
Total: 1.423700 ms (FindLiveObjects: 0.125700 ms CreateObjectMapping: 0.034800 ms MarkObjects: 1.211500 ms  DeleteObjects: 0.050400 ms)

========================================================================
Received Prepare
Registering precompiled user dll's ...
Registered in 0.000751 seconds.
Begin MonoManager ReloadAssembly
Native extension for WindowsStandalone target not found
Native extension for WebGL target not found
Refreshing native plugins compatible for Editor in 0.20 ms, found 0 plugins.
Preloading 0 native plugins for Editor in 0.00 ms.
Mono: successfully reloaded assembly
- Completed reload, in  0.669 seconds
Platform modules already initialized, skipping
Refreshing native plugins compatible for Editor in 0.18 ms, found 0 plugins.
Preloading 0 native plugins for Editor in 0.00 ms.
Unloading 1111 Unused Serialized files (Serialized files now loaded: 0)
System memory in use before: 57.2 MB.
System memory in use after: 57.3 MB.

Unloading 5 unused Assets to reduce memory usage. Loaded Objects now: 1588.
Total: 1.485600 ms (FindLiveObjects: 0.139900 ms CreateObjectMapping: 0.026800 ms MarkObjects: 1.279200 ms  DeleteObjects: 0.038900 ms)

========================================================================
Received Prepare
Registering precompiled user dll's ...
Registered in 0.000759 seconds.
Begin MonoManager ReloadAssembly
Native extension for WindowsStandalone target not found
Native extension for WebGL target not found
Refreshing native plugins compatible for Editor in 0.19 ms, found 0 plugins.
Preloading 0 native plugins for Editor in 0.00 ms.
Mono: successfully reloaded assembly
- Completed reload, in  0.666 seconds
Platform modules already initialized, skipping
Refreshing native plugins compatible for Editor in 0.18 ms, found 0 plugins.
Preloading 0 native plugins for Editor in 0.00 ms.
Unloading 1111 Unused Serialized files (Serialized files now loaded: 0)
System memory in use before: 57.2 MB.
System memory in use after: 57.3 MB.

Unloading 5 unused Assets to reduce memory usage. Loaded Objects now: 1591.
Total: 1.477400 ms (FindLiveObjects: 0.107000 ms CreateObjectMapping: 0.028000 ms MarkObjects: 1.298300 ms  DeleteObjects: 0.043400 ms)

========================================================================
Received Prepare
Registering precompiled user dll's ...
Registered in 0.000832 seconds.
Begin MonoManager ReloadAssembly
Native extension for WindowsStandalone target not found
Native extension for WebGL target not found
Refreshing native plugins compatible for Editor in 0.18 ms, found 0 plugins.
Preloading 0 native plugins for Editor in 0.00 ms.
Mono: successfully reloaded assembly
- Completed reload, in  0.638 seconds
Platform modules already initialized, skipping
Refreshing native plugins compatible for Editor in 0.18 ms, found 0 plugins.
Preloading 0 native plugins for Editor in 0.00 ms.
Unloading 1111 Unused Serialized files (Serialized files now loaded: 0)
System memory in use before: 57.2 MB.
System memory in use after: 57.3 MB.

Unloading 5 unused Assets to reduce memory usage. Loaded Objects now: 1594.
Total: 1.284200 ms (FindLiveObjects: 0.097200 ms CreateObjectMapping: 0.024500 ms MarkObjects: 1.125600 ms  DeleteObjects: 0.036200 ms)

========================================================================
Received Prepare
Registering precompiled user dll's ...
Registered in 0.000721 seconds.
Begin MonoManager ReloadAssembly
Native extension for WindowsStandalone target not found
Native extension for WebGL target not found
Refreshing native plugins compatible for Editor in 0.17 ms, found 0 plugins.
Preloading 0 native plugins for Editor in 0.00 ms.
Mono: successfully reloaded assembly
- Completed reload, in  0.657 seconds
Platform modules already initialized, skipping
Refreshing native plugins compatible for Editor in 0.21 ms, found 0 plugins.
Preloading 0 native plugins for Editor in 0.00 ms.
Unloading 1111 Unused Serialized files (Serialized files now loaded: 0)
System memory in use before: 57.2 MB.
System memory in use after: 57.3 MB.

Unloading 5 unused Assets to reduce memory usage. Loaded Objects now: 1597.
Total: 1.392300 ms (FindLiveObjects: 0.101100 ms CreateObjectMapping: 0.024800 ms MarkObjects: 1.228100 ms  DeleteObjects: 0.037500 ms)

========================================================================
Received Prepare
Registering precompiled user dll's ...
Registered in 0.000681 seconds.
Begin MonoManager ReloadAssembly
Native extension for WindowsStandalone target not found
Native extension for WebGL target not found
Refreshing native plugins compatible for Editor in 0.18 ms, found 0 plugins.
Preloading 0 native plugins for Editor in 0.00 ms.
Mono: successfully reloaded assembly
- Completed reload, in  0.664 seconds
Platform modules already initialized, skipping
Refreshing native plugins compatible for Editor in 0.19 ms, found 0 plugins.
Preloading 0 native plugins for Editor in 0.00 ms.
Unloading 1111 Unused Serialized files (Serialized files now loaded: 0)
System memory in use before: 57.3 MB.
System memory in use after: 57.3 MB.

Unloading 5 unused Assets to reduce memory usage. Loaded Objects now: 1600.
Total: 1.412200 ms (FindLiveObjects: 0.107700 ms CreateObjectMapping: 0.025700 ms MarkObjects: 1.239800 ms  DeleteObjects: 0.038400 ms)

========================================================================
Received Prepare
Registering precompiled user dll's ...
Registered in 0.000842 seconds.
Begin MonoManager ReloadAssembly
Native extension for WindowsStandalone target not found
Native extension for WebGL target not found
Refreshing native plugins compatible for Editor in 0.20 ms, found 0 plugins.
Preloading 0 native plugins for Editor in 0.00 ms.
Mono: successfully reloaded assembly
- Completed reload, in  0.653 seconds
Platform modules already initialized, skipping
Refreshing native plugins compatible for Editor in 0.18 ms, found 0 plugins.
Preloading 0 native plugins for Editor in 0.00 ms.
Unloading 1111 Unused Serialized files (Serialized files now loaded: 0)
System memory in use before: 57.3 MB.
System memory in use after: 57.3 MB.

Unloading 5 unused Assets to reduce memory usage. Loaded Objects now: 1603.
Total: 1.416900 ms (FindLiveObjects: 0.122000 ms CreateObjectMapping: 0.025300 ms MarkObjects: 1.228100 ms  DeleteObjects: 0.040700 ms)

========================================================================
Received Prepare
Registering precompiled user dll's ...
Registered in 0.000738 seconds.
Begin MonoManager ReloadAssembly
Native extension for WindowsStandalone target not found
Native extension for WebGL target not found
Refreshing native plugins compatible for Editor in 0.19 ms, found 0 plugins.
Preloading 0 native plugins for Editor in 0.00 ms.
Mono: successfully reloaded assembly
- Completed reload, in  0.691 seconds
Platform modules already initialized, skipping
Refreshing native plugins compatible for Editor in 0.18 ms, found 0 plugins.
Preloading 0 native plugins for Editor in 0.00 ms.
Unloading 1111 Unused Serialized files (Serialized files now loaded: 0)
System memory in use before: 57.3 MB.
System memory in use after: 57.3 MB.

Unloading 5 unused Assets to reduce memory usage. Loaded Objects now: 1606.
Total: 1.349800 ms (FindLiveObjects: 0.107200 ms CreateObjectMapping: 0.032800 ms MarkObjects: 1.168300 ms  DeleteObjects: 0.040700 ms)

========================================================================
Received Prepare
Registering precompiled user dll's ...
Registered in 0.000713 seconds.
Begin MonoManager ReloadAssembly
Native extension for WindowsStandalone target not found
Native extension for WebGL target not found
Refreshing native plugins compatible for Editor in 0.24 ms, found 0 plugins.
Preloading 0 native plugins for Editor in 0.00 ms.
Mono: successfully reloaded assembly
- Completed reload, in  0.691 seconds
Platform modules already initialized, skipping
Refreshing native plugins compatible for Editor in 0.18 ms, found 0 plugins.
Preloading 0 native plugins for Editor in 0.00 ms.
Unloading 1111 Unused Serialized files (Serialized files now loaded: 0)
System memory in use before: 57.3 MB.
System memory in use after: 57.3 MB.

Unloading 5 unused Assets to reduce memory usage. Loaded Objects now: 1609.
Total: 1.431500 ms (FindLiveObjects: 0.108800 ms CreateObjectMapping: 0.025400 ms MarkObjects: 1.256000 ms  DeleteObjects: 0.040300 ms)

========================================================================
Received Prepare
Registering precompiled user dll's ...
Registered in 0.000882 seconds.
Begin MonoManager ReloadAssembly
Native extension for WindowsStandalone target not found
Native extension for WebGL target not found
Refreshing native plugins compatible for Editor in 0.19 ms, found 0 plugins.
Preloading 0 native plugins for Editor in 0.00 ms.
Mono: successfully reloaded assembly
- Completed reload, in  0.754 seconds
Platform modules already initialized, skipping
Refreshing native plugins compatible for Editor in 0.24 ms, found 0 plugins.
Preloading 0 native plugins for Editor in 0.00 ms.
Unloading 1111 Unused Serialized files (Serialized files now loaded: 0)
System memory in use before: 57.3 MB.
System memory in use after: 57.3 MB.

Unloading 5 unused Assets to reduce memory usage. Loaded Objects now: 1612.
Total: 1.460700 ms (FindLiveObjects: 0.114100 ms CreateObjectMapping: 0.029200 ms MarkObjects: 1.275900 ms  DeleteObjects: 0.040400 ms)

========================================================================
Received Import Request.
  Time since last request: 1147.750325 seconds.
  path: Assets/PreFabs/Player 1.prefab
  artifactKey: Guid(4787fedb569957948a7e3dbd65457b16) Importer(815301076,1909f56bfc062723c751e8b465ee728b)
Start importing Assets/PreFabs/Player 1.prefab using Guid(4787fedb569957948a7e3dbd65457b16) Importer(815301076,1909f56bfc062723c751e8b465ee728b)  -> (artifact id: 'bbc3ca9d90b074337dd42903b94177a0') in 0.080119 seconds
  Import took 0.081856 seconds .

========================================================================
Received Import Request.
  Time since last request: 13.007275 seconds.
  path: Assets/PreFabs/Rocket.prefab
  artifactKey: Guid(4787fedb569957948a7e3dbd65457b16) Importer(815301076,1909f56bfc062723c751e8b465ee728b)
Start importing Assets/PreFabs/Rocket.prefab using Guid(4787fedb569957948a7e3dbd65457b16) Importer(815301076,1909f56bfc062723c751e8b465ee728b)  -> (artifact id: '2f0fda7a7e8c60d4a72e75d2e1f53668') in 0.008237 seconds
  Import took 0.009886 seconds .

========================================================================
Received Import Request.
  Time since last request: 0.008111 seconds.
  path: Assets/PreFabs/Rocket.prefab
  artifactKey: Guid(4787fedb569957948a7e3dbd65457b16) Importer(815301076,1909f56bfc062723c751e8b465ee728b)
Start importing Assets/PreFabs/Rocket.prefab using Guid(4787fedb569957948a7e3dbd65457b16) Importer(815301076,1909f56bfc062723c751e8b465ee728b)  -> (artifact id: '2f0fda7a7e8c60d4a72e75d2e1f53668') in 0.007337 seconds
  Import took 0.009045 seconds .

========================================================================
Received Import Request.
  Time since last request: 11.675574 seconds.
  path: Assets/PreFabs/LaunchPad.prefab
  artifactKey: Guid(cc4b6b3d5e77e5548b4485a13f633109) Importer(815301076,1909f56bfc062723c751e8b465ee728b)
Start importing Assets/PreFabs/LaunchPad.prefab using Guid(cc4b6b3d5e77e5548b4485a13f633109) Importer(815301076,1909f56bfc062723c751e8b465ee728b)  -> (artifact id: '01219580703364eecc99df3ed87ef63e') in 0.007960 seconds
  Import took 0.010103 seconds .

========================================================================
Received Import Request.
  Time since last request: 0.012767 seconds.
  path: Assets/PreFabs/LaunchPad.prefab
  artifactKey: Guid(cc4b6b3d5e77e5548b4485a13f633109) Importer(815301076,1909f56bfc062723c751e8b465ee728b)
Start importing Assets/PreFabs/LaunchPad.prefab using Guid(cc4b6b3d5e77e5548b4485a13f633109) Importer(815301076,1909f56bfc062723c751e8b465ee728b)  -> (artifact id: '01219580703364eecc99df3ed87ef63e') in 0.008056 seconds
  Import took 0.009853 seconds .

========================================================================
Received Import Request.
  Time since last request: 2.419377 seconds.
  path: Assets/PreFabs/Ground.prefab
  artifactKey: Guid(eb8be80eb5d0aa84ea96c1637f1da711) Importer(815301076,1909f56bfc062723c751e8b465ee728b)
Start importing Assets/PreFabs/Ground.prefab using Guid(eb8be80eb5d0aa84ea96c1637f1da711) Importer(815301076,1909f56bfc062723c751e8b465ee728b)  -> (artifact id: 'd514205c0135af6e2cf29711cd1eea90') in 0.007790 seconds
  Import took 0.009506 seconds .

========================================================================
Received Import Request.
  Time since last request: 0.012107 seconds.
  path: Assets/PreFabs/Ground.prefab
  artifactKey: Guid(eb8be80eb5d0aa84ea96c1637f1da711) Importer(815301076,1909f56bfc062723c751e8b465ee728b)
Start importing Assets/PreFabs/Ground.prefab using Guid(eb8be80eb5d0aa84ea96c1637f1da711) Importer(815301076,1909f56bfc062723c751e8b465ee728b)  -> (artifact id: 'd514205c0135af6e2cf29711cd1eea90') in 0.007549 seconds
  Import took 0.010024 seconds .

========================================================================
Received Import Request.
  Time since last request: 349.387818 seconds.
  path: Assets/PreFabs/Player.prefab
  artifactKey: Guid(70e7e56316c79774c8b43efb999435b9) Importer(815301076,1909f56bfc062723c751e8b465ee728b)
Start importing Assets/PreFabs/Player.prefab using Guid(70e7e56316c79774c8b43efb999435b9) Importer(815301076,1909f56bfc062723c751e8b465ee728b)  -> (artifact id: '8049801dd8c368e31b28cf8e9a74ad13') in 0.008692 seconds
  Import took 0.010620 seconds .

========================================================================
Received Import Request.
  Time since last request: 0.003265 seconds.
  path: Assets/PreFabs/Player.prefab
  artifactKey: Guid(70e7e56316c79774c8b43efb999435b9) Importer(815301076,1909f56bfc062723c751e8b465ee728b)
Start importing Assets/PreFabs/Player.prefab using Guid(70e7e56316c79774c8b43efb999435b9) Importer(815301076,1909f56bfc062723c751e8b465ee728b)  -> (artifact id: '8049801dd8c368e31b28cf8e9a74ad13') in 0.007402 seconds
  Import took 0.009049 seconds .

========================================================================
Received Import Request.
  Time since last request: 221.533924 seconds.
  path: Assets/PreFabs/Obstacle.prefab
  artifactKey: Guid(e6e2042245bc7f148b48619c2606e043) Importer(815301076,1909f56bfc062723c751e8b465ee728b)
Start importing Assets/PreFabs/Obstacle.prefab using Guid(e6e2042245bc7f148b48619c2606e043) Importer(815301076,1909f56bfc062723c751e8b465ee728b)  -> (artifact id: '6d0c5dbca19b5ddca2a4aaaebbce9e07') in 0.010345 seconds
  Import took 0.012197 seconds .

========================================================================
Received Import Request.
  Time since last request: 0.014918 seconds.
  path: Assets/PreFabs/Obstacle.prefab
  artifactKey: Guid(e6e2042245bc7f148b48619c2606e043) Importer(815301076,1909f56bfc062723c751e8b465ee728b)
Start importing Assets/PreFabs/Obstacle.prefab using Guid(e6e2042245bc7f148b48619c2606e043) Importer(815301076,1909f56bfc062723c751e8b465ee728b)  -> (artifact id: '6d0c5dbca19b5ddca2a4aaaebbce9e07') in 0.010324 seconds
  Import took 0.012476 seconds .

========================================================================
Received Import Request.
  Time since last request: 22.641945 seconds.
  path: Assets/Materials/Obstacle.mat
  artifactKey: Guid(4d5310880a389af4ca9ad81092e7bdae) Importer(815301076,1909f56bfc062723c751e8b465ee728b)
Start importing Assets/Materials/Obstacle.mat using Guid(4d5310880a389af4ca9ad81092e7bdae) Importer(815301076,1909f56bfc062723c751e8b465ee728b)  -> (artifact id: '3c0a0daf79acc711949b94092a83aad5') in 0.040161 seconds
  Import took 0.042084 seconds .

========================================================================
Received Import Request.
  Time since last request: 174.240484 seconds.
  path: Assets/Scripts/Movement.cs
  artifactKey: Guid(42fa5481881a4ea48af0d44fc617149a) Importer(815301076,1909f56bfc062723c751e8b465ee728b)
Start importing Assets/Scripts/Movement.cs using Guid(42fa5481881a4ea48af0d44fc617149a) Importer(815301076,1909f56bfc062723c751e8b465ee728b)  -> (artifact id: '6d3a9eb1fb54080a723109325d588c82') in 0.003289 seconds
  Import took 0.005461 seconds .

========================================================================
Received Import Request.
  Time since last request: 0.023721 seconds.
  path: Assets/Scripts/Movement.cs
  artifactKey: Guid(42fa5481881a4ea48af0d44fc617149a) Importer(815301076,1909f56bfc062723c751e8b465ee728b)
Start importing Assets/Scripts/Movement.cs using Guid(42fa5481881a4ea48af0d44fc617149a) Importer(815301076,1909f56bfc062723c751e8b465ee728b)  -> (artifact id: '6d3a9eb1fb54080a723109325d588c82') in 0.002493 seconds
  Import took 0.004713 seconds .

========================================================================
Received Prepare
Registering precompiled user dll's ...
Registered in 0.000857 seconds.
Begin MonoManager ReloadAssembly
Native extension for WindowsStandalone target not found
Native extension for WebGL target not found
Refreshing native plugins compatible for Editor in 0.21 ms, found 0 plugins.
Preloading 0 native plugins for Editor in 0.00 ms.
Mono: successfully reloaded assembly
- Completed reload, in  0.707 seconds
Platform modules already initialized, skipping
Refreshing native plugins compatible for Editor in 0.20 ms, found 0 plugins.
Preloading 0 native plugins for Editor in 0.00 ms.
Unloading 1111 Unused Serialized files (Serialized files now loaded: 0)
System memory in use before: 60.6 MB.
System memory in use after: 60.7 MB.

Unloading 6 unused Assets to reduce memory usage. Loaded Objects now: 1656.
Total: 1.775400 ms (FindLiveObjects: 0.163300 ms CreateObjectMapping: 0.034800 ms MarkObjects: 1.516800 ms  DeleteObjects: 0.058700 ms)

========================================================================
Received Prepare
Registering precompiled user dll's ...
Registered in 0.000739 seconds.
Begin MonoManager ReloadAssembly
Native extension for WindowsStandalone target not found
Native extension for WebGL target not found
Refreshing native plugins compatible for Editor in 0.18 ms, found 0 plugins.
Preloading 0 native plugins for Editor in 0.00 ms.
Mono: successfully reloaded assembly
- Completed reload, in  0.665 seconds
Platform modules already initialized, skipping
Refreshing native plugins compatible for Editor in 0.18 ms, found 0 plugins.
Preloading 0 native plugins for Editor in 0.00 ms.
Unloading 1111 Unused Serialized files (Serialized files now loaded: 0)
System memory in use before: 60.6 MB.
System memory in use after: 60.7 MB.

Unloading 5 unused Assets to reduce memory usage. Loaded Objects now: 1659.
Total: 1.350300 ms (FindLiveObjects: 0.109700 ms CreateObjectMapping: 0.030400 ms MarkObjects: 1.167400 ms  DeleteObjects: 0.042100 ms)

========================================================================
Received Prepare
Registering precompiled user dll's ...
Registered in 0.000714 seconds.
Begin MonoManager ReloadAssembly
Native extension for WindowsStandalone target not found
Native extension for WebGL target not found
Refreshing native plugins compatible for Editor in 0.18 ms, found 0 plugins.
Preloading 0 native plugins for Editor in 0.00 ms.
Mono: successfully reloaded assembly
- Completed reload, in  0.641 seconds
Platform modules already initialized, skipping
Refreshing native plugins compatible for Editor in 0.25 ms, found 0 plugins.
Preloading 0 native plugins for Editor in 0.00 ms.
Unloading 1111 Unused Serialized files (Serialized files now loaded: 0)
System memory in use before: 60.6 MB.
System memory in use after: 60.7 MB.

Unloading 5 unused Assets to reduce memory usage. Loaded Objects now: 1662.
Total: 1.686700 ms (FindLiveObjects: 0.261200 ms CreateObjectMapping: 0.033100 ms MarkObjects: 1.350000 ms  DeleteObjects: 0.041400 ms)

========================================================================
Received Prepare
Registering precompiled user dll's ...
Registered in 0.000730 seconds.
Begin MonoManager ReloadAssembly
Native extension for WindowsStandalone target not found
Native extension for WebGL target not found
Refreshing native plugins compatible for Editor in 0.19 ms, found 0 plugins.
Preloading 0 native plugins for Editor in 0.00 ms.
Mono: successfully reloaded assembly
- Completed reload, in  0.649 seconds
Platform modules already initialized, skipping
Refreshing native plugins compatible for Editor in 0.17 ms, found 0 plugins.
Preloading 0 native plugins for Editor in 0.00 ms.
Unloading 1111 Unused Serialized files (Serialized files now loaded: 0)
System memory in use before: 60.6 MB.
System memory in use after: 60.7 MB.

Unloading 5 unused Assets to reduce memory usage. Loaded Objects now: 1665.
Total: 1.417100 ms (FindLiveObjects: 0.109100 ms CreateObjectMapping: 0.025200 ms MarkObjects: 1.242700 ms  DeleteObjects: 0.038900 ms)

========================================================================
Received Prepare
Registering precompiled user dll's ...
Registered in 0.000802 seconds.
Begin MonoManager ReloadAssembly
Native extension for WindowsStandalone target not found
Native extension for WebGL target not found
Refreshing native plugins compatible for Editor in 0.20 ms, found 0 plugins.
Preloading 0 native plugins for Editor in 0.00 ms.
Mono: successfully reloaded assembly
- Completed reload, in  0.723 seconds
Platform modules already initialized, skipping
Refreshing native plugins compatible for Editor in 0.19 ms, found 0 plugins.
Preloading 0 native plugins for Editor in 0.00 ms.
Unloading 1111 Unused Serialized files (Serialized files now loaded: 0)
System memory in use before: 60.6 MB.
System memory in use after: 60.7 MB.

Unloading 5 unused Assets to reduce memory usage. Loaded Objects now: 1668.
Total: 1.450700 ms (FindLiveObjects: 0.146400 ms CreateObjectMapping: 0.035000 ms MarkObjects: 1.229400 ms  DeleteObjects: 0.038800 ms)

========================================================================
Received Prepare
Registering precompiled user dll's ...
Registered in 0.000738 seconds.
Begin MonoManager ReloadAssembly
Native extension for WindowsStandalone target not found
Native extension for WebGL target not found
Refreshing native plugins compatible for Editor in 0.18 ms, found 0 plugins.
Preloading 0 native plugins for Editor in 0.00 ms.
Mono: successfully reloaded assembly
- Completed reload, in  0.635 seconds
Platform modules already initialized, skipping
Refreshing native plugins compatible for Editor in 0.18 ms, found 0 plugins.
Preloading 0 native plugins for Editor in 0.00 ms.
Unloading 1111 Unused Serialized files (Serialized files now loaded: 0)
System memory in use before: 60.6 MB.
System memory in use after: 60.7 MB.

Unloading 5 unused Assets to reduce memory usage. Loaded Objects now: 1671.
Total: 1.448600 ms (FindLiveObjects: 0.111000 ms CreateObjectMapping: 0.026300 ms MarkObjects: 1.230800 ms  DeleteObjects: 0.079900 ms)

AssetImportWorkerClient::OnTransportError - code=2 error=End of file
